0 info it worked if it ends with ok
1 verbose cli [ 'C:\\Program Files\\nodejs\\\\node.exe',
1 verbose cli   'C:\\Program Files\\nodejs\\node_modules\\npm\\bin\\npm-cli.js',
1 verbose cli   'install',
1 verbose cli   'path' ]
2 info using npm@1.1.33
3 info using node@v0.8.1
4 verbose node symlink C:\Program Files\nodejs\\node.exe
5 verbose config file C:\Users\Pon\.npmrc
6 verbose config file C:\Program Files\nodejs\etc\npmrc
7 verbose config file C:\Program Files\nodejs\node_modules\npm\npmrc
8 verbose read json D:\MyJavaScript\iOS-for-Browser\node\package.json
9 verbose read json D:\MyJavaScript\iOS-for-Browser\node\node_modules\express\package.json
10 verbose read json D:\MyJavaScript\iOS-for-Browser\node\node_modules\fs\package.json
11 verbose read json D:\MyJavaScript\iOS-for-Browser\node\node_modules\npm\package.json
12 verbose read json D:\MyJavaScript\iOS-for-Browser\node\node_modules\ws\package.json
13 verbose read json D:\MyJavaScript\iOS-for-Browser\node\package.json
14 verbose cache add [ 'path', null ]
15 silly cache add name=undefined spec="path" args=["path",null]
16 verbose parsed url { pathname: 'path', path: 'path', href: 'path' }
17 verbose lock path C:\Users\Pon\AppData\Roaming\npm-cache\3150ecd5e0294534a81ae047ddac559de481d774-path.lock
18 verbose addNamed [ 'path', '' ]
19 verbose addNamed [ null, '' ]
20 verbose lock path@ C:\Users\Pon\AppData\Roaming\npm-cache\9741fa74181e349abe54bff00a8d77cb082a3b6e-path-.lock
21 silly addNameRange { name: 'path', range: '', hasData: false }
22 verbose url raw path
23 verbose url resolving [ 'https://registry.npmjs.org/', './path' ]
24 verbose url resolved https://registry.npmjs.org/path
25 info retry registry request attempt 1 at 21:58:13
26 http GET https://registry.npmjs.org/path
27 info retry will retry, error on last attempt: Error: connect ETIMEDOUT
28 info retry registry request attempt 2 at 21:58:45
29 http GET https://registry.npmjs.org/path
30 info retry will retry, error on last attempt: Error: connect ETIMEDOUT
31 info retry registry request attempt 3 at 22:00:06
32 http GET https://registry.npmjs.org/path
33 error Error: connect ETIMEDOUT
33 error     at errnoException (net.js:781:11)
33 error     at Object.afterConnect [as oncomplete] (net.js:772:19)
33 error  { [Error: connect ETIMEDOUT] code: 'ETIMEDOUT', errno: 'ETIMEDOUT', syscall: 'connect' }
34 error You may report this log at:
34 error     <http://github.com/isaacs/npm/issues>
34 error or email it to:
34 error     <npm-@googlegroups.com>
35 error System Windows_NT 6.1.7600
36 error command "C:\\Program Files\\nodejs\\\\node.exe" "C:\\Program Files\\nodejs\\node_modules\\npm\\bin\\npm-cli.js" "install" "path"
37 error cwd D:\MyJavaScript\iOS-for-Browser\node
38 error node -v v0.8.1
39 error npm -v 1.1.33
40 error syscall connect
41 error code ETIMEDOUT
42 error message connect ETIMEDOUT
43 error errno ETIMEDOUT
44 error ETIMEDOUT errno
45 verbose exit [ 1, true ]
